<?xml version="1.0" encoding="UTF-8"?>
<!-- Generated by org.testng.reporters.JUnitReportReporter -->
<testsuite hostname="GI-DT-NOC11" name="ProjectTrain.Goibibo_Train_Vertical.Goibibo_Train_Vertical" tests="4" failures="0" timestamp="14 Mar 2020 04:39:31 GMT" time="9.424" errors="0">
  <testcase name="Train_Review_page" time="2.877" classname="ProjectTrain.Goibibo_Train_Vertical.Goibibo_Train_Vertical"/>
  <testcase name="Train_SRP_Page" time="0.134" classname="ProjectTrain.Goibibo_Train_Vertical.Goibibo_Train_Vertical"/>
  <testcase name="Train_offers_page" time="0.610" classname="ProjectTrain.Goibibo_Train_Vertical.Goibibo_Train_Vertical"/>
  <testcase name="payment_page" time="5.803" classname="ProjectTrain.Goibibo_Train_Vertical.Goibibo_Train_Vertical"/>
</testsuite> <!-- ProjectTrain.Goibibo_Train_Vertical.Goibibo_Train_Vertical -->
